[2025-04-23 23:15:22] Activating 'trimnn' environment...
[2025-04-23 23:15:23] ===================================
[2025-04-23 23:15:23] Starting TrimNN Analysis Pipeline
[2025-04-23 23:15:23] ===================================
[2025-04-23 23:15:23] Running parallel steps...
[2025-04-23 23:15:23] Starting extract_motifs...
[2025-04-23 23:15:23] Starting extract_motifs...
[2025-04-23 23:15:23] Starting DEG...
[2025-04-23 23:15:23] Starting DEG...
[2025-04-23 23:15:23] Command: Rscript DEG.r --p-adj-cutoff=0.05
[2025-04-23 23:15:23] Command: python extract_motifs.py --hop-distance=3
[2025-04-23 23:15:23] Command: Rscript DEG.r --p-adj-cutoff=0.05
[2025-04-23 23:15:23] Command: python extract_motifs.py --hop-distance=3
[2025-04-23 23:15:23] Error in extract_motifs. Check logs/extract_motifs_20250423_231523.log for details
[2025-04-23 23:15:23] Error in extract_motifs. Check logs/extract_motifs_20250423_231523.log for details
[2025-04-23 23:26:55] DEG completed successfully
[2025-04-23 23:26:55] DEG completed successfully
[2025-04-23 23:26:55] Running parallel steps...
[2025-04-23 23:26:55] Starting extract_motifs...
[2025-04-23 23:26:55] Starting extract_motifs...
[2025-04-23 23:26:55] Starting DEG...
[2025-04-23 23:26:55] Starting DEG...
[2025-04-23 23:26:55] Command: Rscript DEG.r --p-adj-cutoff=0.05
[2025-04-23 23:26:55] Command: python extract_motifs.py --hop-distance=3
[2025-04-23 23:26:55] Command: Rscript DEG.r --p-adj-cutoff=0.05
[2025-04-23 23:26:55] Command: python extract_motifs.py --hop-distance=3
[2025-04-23 23:29:46] extract_motifs completed successfully
[2025-04-23 23:29:46] extract_motifs completed successfully
