[2025-04-23 23:03:13] Activating 'trimnn' environment...
[2025-04-23 23:03:14] ===================================
[2025-04-23 23:03:14] Starting TrimNN Analysis Pipeline
[2025-04-23 23:03:14] ===================================
[2025-04-23 23:03:14] Running parallel steps...
[2025-04-23 23:03:14] Starting extract_motifs...
[2025-04-23 23:03:14] Starting extract_motifs...
[2025-04-23 23:03:14] Starting DEG...
[2025-04-23 23:03:14] Starting DEG...
[2025-04-23 23:03:14] Command: Rscript DEG.r --p-adj-cutoff=0.05
[2025-04-23 23:03:14] Command: Rscript DEG.r --p-adj-cutoff=0.05
[2025-04-23 23:03:14] Command: python extract_motifs.py --hop-distance=3
[2025-04-23 23:03:14] Command: python extract_motifs.py --hop-distance=3
[2025-04-23 23:03:18] Running sequential steps...
[2025-04-23 23:03:18] Starting extract_deg...
[2025-04-23 23:03:18] Command: python extract_deg.py
[2025-04-23 23:03:19] extract_deg completed successfully
[2025-04-23 23:03:19] Starting go_and_pathway...
[2025-04-23 23:03:19] Command: Rscript go_and_pathway.r --pvalue-cutoff=0.01 --pathway-db=Reactome --qvalue-cutoff=0.05 --ontology-types=BP,MF,CC --show-category=20
[2025-04-23 23:03:23] Error in go_and_pathway. Check logs/go_and_pathway_20250423_230319.log for details
[2025-04-23 23:03:23] Starting cellchat...
[2025-04-23 23:03:23] Command: Rscript cellchat.r --type=truncatedMean --trim=0.1 --search=Secreted Signaling
[2025-04-23 23:04:42] extract_motifs completed successfully
[2025-04-23 23:04:56] cellchat completed successfully
[2025-04-23 23:04:56] Starting size3ES_and_P...
[2025-04-23 23:04:56] Command: Rscript 'size3ES&P.r' --months=8,13 --replicates=1,2 --control-group=control --p-value-cutoff=0.05 --effect-size-threshold=0.1 --multiple-testing-correction=BH
[2025-04-23 23:05:06] size3ES_and_P completed successfully
[2025-04-23 23:05:06] ===============================
[2025-04-23 23:05:06] Pipeline execution completed!
[2025-04-23 23:05:06] Check logs for detailed logs
[2025-04-23 23:05:06] ===============================
[2025-04-23 23:11:23] DEG completed successfully
