[2025-04-24 00:19:47] Activating 'trimnn' environment...
[2025-04-24 00:19:48] Using Python interpreter: /Users/sathviksai/anaconda3/envs/trimnn/bin/python
[2025-04-24 00:19:48] ===================================
[2025-04-24 00:19:48] Starting TrimNN Analysis Pipeline
[2025-04-24 00:19:48] ===================================
[2025-04-24 00:19:48] Running parallel steps...
[2025-04-24 00:19:48] Starting DEG...
[2025-04-24 00:19:48] Starting extract_motifs...
[2025-04-24 00:19:48] Command: /Users/sathviksai/anaconda3/envs/trimnn/bin/python extract_motifs.py --hop-distance=3
[2025-04-24 00:19:48] Command: Rscript DEG.r --p-adj-cutoff=0.05
[2025-04-24 00:21:05] extract_motifs completed successfully
[2025-04-24 00:26:01] DEG completed successfully
[2025-04-24 00:26:01] Running sequential steps...
[2025-04-24 00:26:01] Starting extract_deg...
[2025-04-24 00:26:01] Command: python extract_deg.py
[2025-04-24 00:26:01] extract_deg completed successfully
[2025-04-24 00:26:01] Starting go_and_pathway...
[2025-04-24 00:26:01] Command: Rscript go_and_pathway.r --pvalue-cutoff=0.01 --pathway-db=Reactome --qvalue-cutoff=0.05 --ontology-types=BP,MF,CC --show-category=20
[2025-04-24 00:27:30] go_and_pathway completed successfully
[2025-04-24 00:27:30] Starting cellchat...
[2025-04-24 00:27:30] Command: Rscript cellchat.r --type=truncatedMean --trim=0.1 --search=Secreted Signaling
[2025-04-24 00:28:52] Error in cellchat. Check logs/cellchat_20250424_002730.log for details
[2025-04-24 00:28:52] Generating rank files...
[2025-04-24 00:28:52] Starting generate_rank_files...
[2025-04-24 00:28:52] Command: /Users/sathviksai/anaconda3/envs/trimnn/bin/python generate_rank_files.py
[2025-04-24 00:28:53] generate_rank_files completed successfully
[2025-04-24 00:28:53] Starting size3ES_and_P...
[2025-04-24 00:28:53] Command: Rscript 'size3ES&P.r' --months=8,13 --replicates=1,2 --control-group=control --p-value-cutoff=0.05 --effect-size-threshold=0.1 --multiple-testing-correction=BH
[2025-04-24 00:29:01] size3ES_and_P completed successfully
[2025-04-24 00:29:01] ===============================
[2025-04-24 00:29:01] Pipeline execution completed!
[2025-04-24 00:29:01] Check logs for detailed logs
[2025-04-24 00:29:01] ===============================
 --control-group=control --p-value-cutoff=0.05 --effect-size-threshold=0.1 --multiple-testing-correction=BH
[2025-04-24 00:29:01] size3ES_and_P completed successfully
[2025-04-24 00:29:01] ===============================
[2025-04-24 00:29:01] Pipeline execution completed!
[2025-04-24 00:29:01] Check logs for detailed logs
[2025-04-24 00:29:01] ===============================
