[2025-04-24 00:03:43] Activating 'trimnn' environment...
[2025-04-24 00:03:44] Using Python interpreter: /Users/sathviksai/anaconda3/envs/trimnn/bin/python
[2025-04-24 00:03:44] ===================================
[2025-04-24 00:03:44] Starting TrimNN Analysis Pipeline
[2025-04-24 00:03:44] ===================================
[2025-04-24 00:03:44] Running parallel steps...
[2025-04-24 00:03:44] Starting DEG...
[2025-04-24 00:03:44] Starting extract_motifs...
[2025-04-24 00:03:44] Command: /Users/sathviksai/anaconda3/envs/trimnn/bin/python extract_motifs.py --hop-distance=3
[2025-04-24 00:03:44] Command: Rscript DEG.r --p-adj-cutoff=0.05
[2025-04-24 00:05:14] extract_motifs completed successfully
[2025-04-24 00:10:04] DEG completed successfully
[2025-04-24 00:10:04] Running sequential steps...
[2025-04-24 00:10:04] Starting extract_deg...
[2025-04-24 00:10:04] Command: python extract_deg.py
[2025-04-24 00:10:04] extract_deg completed successfully
[2025-04-24 00:10:04] Starting go_and_pathway...
[2025-04-24 00:10:04] Command: Rscript go_and_pathway.r --pvalue-cutoff=0.01 --pathway-db=Reactome --qvalue-cutoff=0.05 --ontology-types=BP,MF,CC --show-category=20
[2025-04-24 00:11:20] go_and_pathway completed successfully
[2025-04-24 00:11:20] Starting cellchat...
[2025-04-24 00:11:20] Command: Rscript cellchat.r --type=truncatedMean --trim=0.1 --search=Secreted Signaling
[2025-04-24 00:12:20] cellchat completed successfully
[2025-04-24 00:12:20] Generating rank files...
[2025-04-24 00:12:20] Starting generate_rank_files...
[2025-04-24 00:12:20] Command: /Users/sathviksai/anaconda3/envs/trimnn/bin/python generate_rank_files.py
[2025-04-24 00:12:20] generate_rank_files completed successfully
[2025-04-24 00:12:20] Starting size3ES_and_P...
[2025-04-24 00:12:20] Command: Rscript 'size3ES&P.r' --months=8,13 --replicates=1,2 --control-group=control --p-value-cutoff=0.05 --effect-size-threshold=0.1 --multiple-testing-correction=BH
[2025-04-24 00:12:25] size3ES_and_P completed successfully
[2025-04-24 00:12:25] ===============================
[2025-04-24 00:12:25] Pipeline execution completed!
[2025-04-24 00:12:25] Check logs for detailed logs
[2025-04-24 00:12:25] ===============================
 --control-group=control --p-value-cutoff=0.05 --effect-size-threshold=0.1 --multiple-testing-correction=BH
[2025-04-24 00:12:25] size3ES_and_P completed successfully
[2025-04-24 00:12:25] ===============================
[2025-04-24 00:12:25] Pipeline execution completed!
[2025-04-24 00:12:25] Check logs for detailed logs
[2025-04-24 00:12:25] ===============================
