[2025-04-23 23:34:20] Activating 'trimnn' environment...
[2025-04-23 23:34:21] Using Python interpreter: /Users/sathviksai/anaconda3/envs/trimnn/bin/python
[2025-04-23 23:34:21] ===================================
[2025-04-23 23:34:21] Starting TrimNN Analysis Pipeline
[2025-04-23 23:34:21] ===================================
[2025-04-23 23:34:21] Running parallel steps...
[2025-04-23 23:34:21] Starting extract_motifs...
[2025-04-23 23:34:21] Starting DEG...
[2025-04-23 23:34:21] Command: /Users/sathviksai/anaconda3/envs/trimnn/bin/python extract_motifs.py --hop-distance=3
[2025-04-23 23:34:21] Command: Rscript DEG.r --p-adj-cutoff=0.05
[2025-04-23 23:38:23] extract_motifs completed successfully
[2025-04-23 23:49:43] DEG completed successfully
[2025-04-23 23:49:43] Running sequential steps...
[2025-04-23 23:49:43] Starting extract_deg...
[2025-04-23 23:49:43] Command: python extract_deg.py
[2025-04-23 23:49:44] extract_deg completed successfully
[2025-04-23 23:49:44] Starting go_and_pathway...
[2025-04-23 23:49:44] Command: Rscript go_and_pathway.r --pvalue-cutoff=0.01 --pathway-db=Reactome --qvalue-cutoff=0.05 --ontology-types=BP,MF,CC --show-category=20
[2025-04-23 23:51:26] go_and_pathway completed successfully
[2025-04-23 23:51:26] Starting cellchat...
[2025-04-23 23:51:26] Command: Rscript cellchat.r --type=truncatedMean --trim=0.1 --search=Secreted Signaling
[2025-04-23 23:52:42] cellchat completed successfully
[2025-04-23 23:52:42] Starting size3ES_and_P...
[2025-04-23 23:52:42] Command: Rscript 'size3ES&P.r' --months=8,13 --replicates=1,2 --control-group=control --p-value-cutoff=0.05 --effect-size-threshold=0.1 --multiple-testing-correction=BH
[2025-04-23 23:52:46] size3ES_and_P completed successfully
[2025-04-23 23:52:46] ===============================
[2025-04-23 23:52:46] Pipeline execution completed!
[2025-04-23 23:52:46] Check logs for detailed logs
[2025-04-23 23:52:46] ===============================
