[2025-04-24 01:35:00] Activating 'trimnn' environment...
[2025-04-24 01:35:01] Using Python interpreter: /Users/sathviksai/anaconda3/envs/trimnn/bin/python
[2025-04-24 01:35:01] ===================================
[2025-04-24 01:35:01] Starting TrimNN Analysis Pipeline
[2025-04-24 01:35:01] ===================================
[2025-04-24 01:35:01] Running parallel steps...
[2025-04-24 01:35:01] Starting extract_motifs...
[2025-04-24 01:35:01] Starting DEG...
[2025-04-24 01:35:01] Command: /Users/sathviksai/anaconda3/envs/trimnn/bin/python extract_motifs.py --hop-distance=3
[2025-04-24 01:35:01] Command: Rscript DEG.r --p-adj-cutoff=0.05
[2025-04-24 01:36:13] extract_motifs completed successfully
[2025-04-24 01:41:07] DEG completed successfully
[2025-04-24 01:41:07] Running sequential steps...
[2025-04-24 01:41:07] Starting extract_deg...
[2025-04-24 01:41:07] Command: python extract_deg.py
[2025-04-24 01:41:08] extract_deg completed successfully
[2025-04-24 01:41:08] Starting go_and_pathway...
[2025-04-24 01:41:08] Command: Rscript go_and_pathway.r --pvalue-cutoff=0.01 --pathway-db=Reactome --qvalue-cutoff=0.05 --ontology-types=BP,MF,CC --show-category=20
[2025-04-24 01:42:26] go_and_pathway completed successfully
[2025-04-24 01:42:26] Starting cellchat...
[2025-04-24 01:42:26] Command: Rscript cellchat.r --type=truncatedMean --trim=0.1 --search=Secreted Signaling
[2025-04-24 01:43:27] cellchat completed successfully
[2025-04-24 01:43:27] Generating rank files...
[2025-04-24 01:43:27] Starting generate_rank_files...
[2025-04-24 01:43:27] Command: /Users/sathviksai/anaconda3/envs/trimnn/bin/python generate_rank_files.py
[2025-04-24 01:43:28] generate_rank_files completed successfully
[2025-04-24 01:43:28] Starting size3ES_and_P...
[2025-04-24 01:43:28] Command: Rscript 'size3ES&P.r' --months=8,13 --replicates=1,2 --control-group=control --p-value-cutoff=0.05 --effect-size-threshold=0.1 --multiple-testing-correction=BH
[2025-04-24 01:43:33] size3ES_and_P completed successfully
[2025-04-24 01:43:33] ===============================
[2025-04-24 01:43:33] Pipeline execution completed!
[2025-04-24 01:43:33] Check logs for detailed logs
[2025-04-24 01:43:33] ===============================
 --control-group=control --p-value-cutoff=0.05 --effect-size-threshold=0.1 --multiple-testing-correction=BH
[2025-04-24 01:43:33] size3ES_and_P completed successfully
[2025-04-24 01:43:33] ===============================
[2025-04-24 01:43:33] Pipeline execution completed!
[2025-04-24 01:43:33] Check logs for detailed logs
[2025-04-24 01:43:33] ===============================
