[2025-04-23 23:08:49] Activating 'trimnn' environment...
[2025-04-23 23:08:50] ===================================
[2025-04-23 23:08:50] Starting TrimNN Analysis Pipeline
[2025-04-23 23:08:50] ===================================
[2025-04-23 23:08:50] Running parallel steps...
[2025-04-23 23:08:50] Starting extract_motifs...
[2025-04-23 23:08:50] Starting extract_motifs...
[2025-04-23 23:08:50] Starting DEG...
[2025-04-23 23:08:50] Starting DEG...
[2025-04-23 23:08:50] Command: Rscript DEG.r --p-adj-cutoff=0.05
[2025-04-23 23:08:50] Command: Rscript DEG.r --p-adj-cutoff=0.05
[2025-04-23 23:08:50] Command: python extract_motifs.py --hop-distance=3
[2025-04-23 23:08:50] Command: python extract_motifs.py --hop-distance=3
[2025-04-23 23:11:16] extract_motifs completed successfully
[2025-04-23 23:11:16] extract_motifs completed successfully
[2025-04-23 23:22:05] DEG completed successfully
[2025-04-23 23:22:05] DEG completed successfully
[2025-04-23 23:22:05] Running sequential steps...
[2025-04-23 23:22:05] Starting extract_deg...
[2025-04-23 23:22:06] Command: python extract_deg.py
[2025-04-23 23:22:07] extract_deg completed successfully
[2025-04-23 23:22:07] Starting go_and_pathway...
[2025-04-23 23:22:07] Command: Rscript go_and_pathway.r --pvalue-cutoff=0.01 --pathway-db=Reactome --qvalue-cutoff=0.05 --ontology-types=BP,MF,CC --show-category=20
[2025-04-23 23:24:54] go_and_pathway completed successfully
