Loading required package: dplyr

Attaching package: ‘dplyr’

The following objects are masked from ‘package:stats’:

    filter, lag

The following objects are masked from ‘package:base’:

    intersect, setdiff, setequal, union

Loading required package: igraph

Attaching package: ‘igraph’

The following objects are masked from ‘package:dplyr’:

    as_data_frame, groups, union

The following objects are masked from ‘package:stats’:

    decompose, spectrum

The following object is masked from ‘package:base’:

    union

Loading required package: ggplot2
[1] "Error in processing matrix: readMM(): row indices 'i' are not in 1:nrow[=2765]"
[1] "Matrix file contents preview:"
%%MatrixMarket matrix coordinate real general
2765 3698 441165
1 30 1.0
1 53 1.0
1 71 1.0
Error: readMM(): row indices 'i' are not in 1:nrow[=2765]
Execution halted
