
clusterProfiler v4.14.6 Learn more at https://yulab-smu.top/contribution-knowledge-mining/

Please cite:

G Yu. Thirteen years of clusterProfiler. The Innovation. 2024,
5(6):100722

Attaching package: ‘clusterProfiler’

The following object is masked from ‘package:stats’:

    filter

Loading required package: AnnotationDbi
Loading required package: stats4
Loading required package: BiocGenerics

Attaching package: ‘BiocGenerics’

The following objects are masked from ‘package:stats’:

    IQR, mad, sd, var, xtabs

The following objects are masked from ‘package:base’:

    anyDuplicated, aperm, append, as.data.frame, basename, cbind,
    colnames, dirname, do.call, duplicated, eval, evalq, Filter, Find,
    get, grep, grepl, intersect, is.unsorted, lapply, Map, mapply,
    match, mget, order, paste, pmax, pmax.int, pmin, pmin.int,
    Position, rank, rbind, Reduce, rownames, sapply, saveRDS, setdiff,
    table, tapply, union, unique, unsplit, which.max, which.min

Loading required package: Biobase
Welcome to Bioconductor

    Vignettes contain introductory material; view with
    'browseVignettes()'. To cite Bioconductor, see
    'citation("Biobase")', and for packages 'citation("pkgname")'.

Loading required package: IRanges
Loading required package: S4Vectors

Attaching package: ‘S4Vectors’

The following object is masked from ‘package:clusterProfiler’:

    rename

The following object is masked from ‘package:utils’:

    findMatches

The following objects are masked from ‘package:base’:

    expand.grid, I, unname


Attaching package: ‘IRanges’

The following object is masked from ‘package:clusterProfiler’:

    slice


Attaching package: ‘AnnotationDbi’

The following object is masked from ‘package:clusterProfiler’:

    select



ReactomePA v1.50.0 Learn more at https://yulab-smu.top/contribution-knowledge-mining/

Please cite:

Guangchuang Yu, Qing-Yu He. ReactomePA: an R/Bioconductor package for
reactome pathway analysis and visualization. Molecular BioSystems.
2016, 12(2):477-479
Loading required package: grid
========================================
ComplexHeatmap version 2.22.0
Bioconductor page: http://bioconductor.org/packages/ComplexHeatmap/
Github page: https://github.com/jokergoo/ComplexHeatmap
Documentation: http://jokergoo.github.io/ComplexHeatmap-reference

If you use it in published research, please cite either one:
- Gu, Z. Complex Heatmap Visualization. iMeta 2022.
- Gu, Z. Complex heatmaps reveal patterns and correlations in multidimensional 
    genomic data. Bioinformatics 2016.


The new InteractiveComplexHeatmap package can directly export static 
complex heatmaps into an interactive Shiny app with zero effort. Have a try!

This message can be suppressed by:
  suppressPackageStartupMessages(library(ComplexHeatmap))
========================================

Loading required package: dplyr

Attaching package: ‘dplyr’

The following object is masked from ‘package:AnnotationDbi’:

    select

The following objects are masked from ‘package:IRanges’:

    collapse, desc, intersect, setdiff, slice, union

The following objects are masked from ‘package:S4Vectors’:

    first, intersect, rename, setdiff, setequal, union

The following object is masked from ‘package:Biobase’:

    combine

The following objects are masked from ‘package:BiocGenerics’:

    combine, intersect, setdiff, union

The following objects are masked from ‘package:stats’:

    filter, lag

The following objects are masked from ‘package:base’:

    intersect, setdiff, setequal, union

'select()' returned 1:1 mapping between keys and columns
[1] "Processing GO analysis for: cccm Region: 3hop Ontology: BP"
[1] "Number of enriched terms found: 289"
'select()' returned 1:1 mapping between keys and columns
[1] "Processing GO analysis for: cccm Region: 3hop Ontology: MF"
[1] "Number of enriched terms found: 49"
'select()' returned 1:1 mapping between keys and columns
[1] "Processing GO analysis for: cccm Region: 3hop Ontology: CC"
[1] "Number of enriched terms found: 71"
'select()' returned 1:1 mapping between keys and columns
[1] "Processing GO analysis for: cccm Region: original Ontology: BP"
[1] "Number of enriched terms found: 19"
'select()' returned 1:1 mapping between keys and columns
[1] "Processing GO analysis for: cccm Region: original Ontology: MF"
[1] "Number of enriched terms found: 3"
'select()' returned 1:1 mapping between keys and columns
[1] "Processing GO analysis for: cccm Region: original Ontology: CC"
[1] "Number of enriched terms found: 1"
There were 12 warnings (use warnings() to see them)
'select()' returned 1:1 mapping between keys and columns
'select()' returned 1:1 mapping between keys and columns
[1] "Processing Pathway analysis for: cccm Region: 3hop"
[1] "Number of enriched pathways found: 16"
'select()' returned 1:1 mapping between keys and columns
'select()' returned 1:1 mapping between keys and columns
[1] "Processing Pathway analysis for: cccm Region: original"
[1] "Number of enriched pathways found: 10"
Warning messages:
1: In summary(egoKEGG) :
  summary method to convert the object to data.frame is deprecated, please use as.data.frame instead.
2: In summary(egoKEGG) :
  summary method to convert the object to data.frame is deprecated, please use as.data.frame instead.
3: In summary(egoKEGG) :
  summary method to convert the object to data.frame is deprecated, please use as.data.frame instead.
4: In summary(egoKEGG) :
  summary method to convert the object to data.frame is deprecated, please use as.data.frame instead.
