[1] "Processing month 8, replicate 1"
[1] "Processing month 13, replicate 1"
[1] "Completed processing month 13, replicate 1"
[1] "Processing month 13, replicate 2"
[1] "Completed processing month 8, replicate 1"
[1] "Processing month 8, replicate 2"
[1] "Completed processing month 8, replicate 2"
[1] "Completed processing month 13, replicate 2"
[[1]]
[[1]][[1]]
[[1]][[1]][[1]]
[1] "Completed processing month 8, replicate 1"

[[1]][[1]][[2]]
[1] "Completed processing month 8, replicate 2"



[[2]]
[[2]][[1]]
[[2]][[1]][[1]]
[1] "Completed processing month 13, replicate 1"

[[2]][[1]][[2]]
[1] "Completed processing month 13, replicate 2"



